<?xml version="1.0" encoding="UTF-8"?>
<testsuite xmlns:xsi="http://www.w3.org/2001/XMLSchema-instance" xsi:noNamespaceSchemaLocation="https://maven.apache.org/surefire/maven-surefire-plugin/xsd/surefire-test-report-3.0.xsd" version="3.0" name="com.example.javaecommerce.JavaEcommerceApplicationTests" time="10.738" tests="1" errors="0" skipped="0" failures="0">
  <properties>
[...]
</properties>
  <testcase name="contextLoads" classname="com.example.javaecommerce.JavaEcommerceApplicationTests" time="0.898">
    <system-out><![CDATA[18:19:50.948 [main] INFO org.springframework.test.context.support.AnnotationConfigContextLoaderUtils -- Could not detect default configuration classes for test class [com.example.javaecommerce.JavaEcommerceApplicationTests]: JavaEcommerceApplicationTests does not declare any static, non-private, non-final, nested classes annotated with @Configuration.
18:19:51.151 [main] INFO org.springframework.boot.test.context.SpringBootTestContextBootstrapper -- Found @SpringBootConfiguration com.example.javaecommerce.JavaEcommerceApplication for test class com.example.javaecommerce.JavaEcommerceApplicationTests
18:19:51.530 [main] INFO org.springframework.boot.devtools.restart.RestartApplicationListener -- Restart disabled due to context in which it is running

  .   ____          _            __ _ _
 /\\ / ___'_ __ _ _(_)_ __  __ _ \ \ \ \
( ( )\___ | '_ | '_| | '_ \/ _` | \ \ \ \
 \\/  ___)| |_)| | | | | || (_| |  ) ) ) )
  '  |____| .__|_| |_|_| |_\__, | / / / /
 =========|_|==============|___/=/_/_/_/
 :: Spring Boot ::                (v3.2.4)

2024-04-06T18:19:52.011+08:00  INFO 32616 --- [java-ecommerce] [           main] c.e.j.JavaEcommerceApplicationTests      : Starting JavaEcommerceApplicationTests using Java 17.0.8 with PID 32616 (started by sherr in C:\Users\sherr\OneDrive\Desktop\e-commerce\backend\backend)
2024-04-06T18:19:52.014+08:00  INFO 32616 --- [java-ecommerce] [           main] c.e.j.JavaEcommerceApplicationTests      : No active profile set, falling back to 1 default profile: "default"
2024-04-06T18:19:53.393+08:00  INFO 32616 --- [java-ecommerce] [           main] .s.d.r.c.RepositoryConfigurationDelegate : Bootstrapping Spring Data JPA repositories in DEFAULT mode.
2024-04-06T18:19:53.500+08:00  INFO 32616 --- [java-ecommerce] [           main] .s.d.r.c.RepositoryConfigurationDelegate : Finished Spring Data repository scanning in 86 ms. Found 1 JPA repository interface.
2024-04-06T18:19:54.464+08:00  INFO 32616 --- [java-ecommerce] [           main] o.hibernate.jpa.internal.util.LogHelper  : HHH000204: Processing PersistenceUnitInfo [name: default]
2024-04-06T18:19:54.646+08:00  INFO 32616 --- [java-ecommerce] [           main] org.hibernate.Version                    : HHH000412: Hibernate ORM core version 6.4.4.Final
2024-04-06T18:19:54.756+08:00  INFO 32616 --- [java-ecommerce] [           main] o.h.c.internal.RegionFactoryInitiator    : HHH000026: Second-level cache disabled
2024-04-06T18:19:55.454+08:00  INFO 32616 --- [java-ecommerce] [           main] o.s.o.j.p.SpringPersistenceUnitInfo      : No LoadTimeWeaver setup: ignoring JPA class transformer
2024-04-06T18:19:55.519+08:00  INFO 32616 --- [java-ecommerce] [           main] com.zaxxer.hikari.HikariDataSource       : HikariPool-1 - Starting...
2024-04-06T18:19:56.239+08:00  INFO 32616 --- [java-ecommerce] [           main] com.zaxxer.hikari.pool.HikariPool        : HikariPool-1 - Added connection com.mysql.cj.jdbc.ConnectionImpl@58b97c15
2024-04-06T18:19:56.244+08:00  INFO 32616 --- [java-ecommerce] [           main] com.zaxxer.hikari.HikariDataSource       : HikariPool-1 - Start completed.
2024-04-06T18:19:56.378+08:00  WARN 32616 --- [java-ecommerce] [           main] org.hibernate.orm.deprecation            : HHH90000025: MySQL8Dialect does not need to be specified explicitly using 'hibernate.dialect' (remove the property setting and it will be selected by default)
2024-04-06T18:19:56.381+08:00  WARN 32616 --- [java-ecommerce] [           main] org.hibernate.orm.deprecation            : HHH90000026: MySQL8Dialect has been deprecated; use org.hibernate.dialect.MySQLDialect instead
2024-04-06T18:19:58.119+08:00  INFO 32616 --- [java-ecommerce] [           main] o.h.e.t.j.p.i.JtaPlatformInitiator       : HHH000489: No JTA platform available (set 'hibernate.transaction.jta.platform' to enable JTA platform integration)
Hibernate: drop table if exists post
Hibernate: create table post (created_at datetime(6), id bigint not null auto_increment, body TEXT, title varchar(255), primary key (id)) engine=InnoDB
2024-04-06T18:19:58.330+08:00  INFO 32616 --- [java-ecommerce] [           main] j.LocalContainerEntityManagerFactoryBean : Initialized JPA EntityManagerFactory for persistence unit 'default'
2024-04-06T18:19:59.210+08:00  WARN 32616 --- [java-ecommerce] [           main] JpaBaseConfiguration$JpaWebConfiguration : spring.jpa.open-in-view is enabled by default. Therefore, database queries may be performed during view rendering. Explicitly configure spring.jpa.open-in-view to disable this warning
2024-04-06T18:20:00.045+08:00  INFO 32616 --- [java-ecommerce] [           main] c.e.j.JavaEcommerceApplicationTests      : Started JavaEcommerceApplicationTests in 8.552 seconds (process running for 10.476)
Hibernate: select p1_0.id,p1_0.body,p1_0.created_at,p1_0.title from post p1_0
Hibernate: insert into post (body,created_at,title) values (?,?,?)
Hibernate: insert into post (body,created_at,title) values (?,?,?)
]]></system-out>
  </testcase>
</testsuite>